<?xml version="1.0" encoding="UTF-8"?>
<testsuite xmlns:xsi="http://www.w3.org/2001/XMLSchema-instance" xsi:noNamespaceSchemaLocation="https://maven.apache.org/surefire/maven-surefire-plugin/xsd/surefire-test-report-3.0.xsd" version="3.0" name="com.example.ApplicationTest" time="0.351" tests="1" errors="0" skipped="0" failures="0">
  <properties>
    <property name="java.specification.version" value="17"/>
    <property name="sun.jnu.encoding" value="UTF-8"/>
    <property name="java.class.path" value="/Users/bnakip/projects/ktor-sample1/target/test-classes:/Users/bnakip/projects/ktor-sample1/target/classes:/Users/bnakip/.m2/repository/io/ktor/ktor-server-core-jvm/2.3.7/ktor-server-core-jvm-2.3.7.jar:/Users/bnakip/.m2/repository/org/jetbrains/kotlin/kotlin-stdlib-jdk7/1.8.22/kotlin-stdlib-jdk7-1.8.22.jar:/Users/bnakip/.m2/repository/org/jetbrains/kotlin/kotlin-stdlib/1.8.22/kotlin-stdlib-1.8.22.jar:/Users/bnakip/.m2/repository/org/jetbrains/kotlin/kotlin-stdlib-jdk8/1.8.22/kotlin-stdlib-jdk8-1.8.22.jar:/Users/bnakip/.m2/repository/org/jetbrains/kotlinx/kotlinx-coroutines-jdk8/1.7.1/kotlinx-coroutines-jdk8-1.7.1.jar:/Users/bnakip/.m2/repository/com/typesafe/config/1.4.2/config-1.4.2.jar:/Users/bnakip/.m2/repository/org/jetbrains/kotlinx/kotlinx-coroutines-core-jvm/1.7.1/kotlinx-coroutines-core-jvm-1.7.1.jar:/Users/bnakip/.m2/repository/org/jetbrains/annotations/23.0.0/annotations-23.0.0.jar:/Users/bnakip/.m2/repository/org/jetbrains/kotlin/kotlin-stdlib-common/1.8.22/kotlin-stdlib-common-1.8.22.jar:/Users/bnakip/.m2/repository/io/ktor/ktor-utils-jvm/2.3.7/ktor-utils-jvm-2.3.7.jar:/Users/bnakip/.m2/repository/io/ktor/ktor-io-jvm/2.3.7/ktor-io-jvm-2.3.7.jar:/Users/bnakip/.m2/repository/io/ktor/ktor-http-jvm/2.3.7/ktor-http-jvm-2.3.7.jar:/Users/bnakip/.m2/repository/io/ktor/ktor-serialization-jvm/2.3.7/ktor-serialization-jvm-2.3.7.jar:/Users/bnakip/.m2/repository/io/ktor/ktor-events-jvm/2.3.7/ktor-events-jvm-2.3.7.jar:/Users/bnakip/.m2/repository/org/jetbrains/kotlin/kotlin-reflect/1.8.22/kotlin-reflect-1.8.22.jar:/Users/bnakip/.m2/repository/org/fusesource/jansi/jansi/2.4.0/jansi-2.4.0.jar:/Users/bnakip/.m2/repository/io/ktor/ktor-server-swagger-jvm/2.3.7/ktor-server-swagger-jvm-2.3.7.jar:/Users/bnakip/.m2/repository/io/ktor/ktor-server-html-builder-jvm/2.3.7/ktor-server-html-builder-jvm-2.3.7.jar:/Users/bnakip/.m2/repository/org/jetbrains/kotlinx/kotlinx-html-jvm/0.9.1/kotlinx-html-jvm-0.9.1.jar:/Users/bnakip/.m2/repository/io/ktor/ktor-server-host-common-jvm/2.3.7/ktor-server-host-common-jvm-2.3.7.jar:/Users/bnakip/.m2/repository/io/ktor/ktor-http-cio-jvm/2.3.7/ktor-http-cio-jvm-2.3.7.jar:/Users/bnakip/.m2/repository/io/ktor/ktor-network-jvm/2.3.7/ktor-network-jvm-2.3.7.jar:/Users/bnakip/.m2/repository/io/ktor/ktor-websockets-jvm/2.3.7/ktor-websockets-jvm-2.3.7.jar:/Users/bnakip/.m2/repository/io/ktor/ktor-server-status-pages-jvm/2.3.7/ktor-server-status-pages-jvm-2.3.7.jar:/Users/bnakip/.m2/repository/io/ktor/ktor-server-call-logging-jvm/2.3.7/ktor-server-call-logging-jvm-2.3.7.jar:/Users/bnakip/.m2/repository/org/jetbrains/kotlinx/kotlinx-coroutines-slf4j/1.7.1/kotlinx-coroutines-slf4j-1.7.1.jar:/Users/bnakip/.m2/repository/io/ktor/ktor-server-call-id-jvm/2.3.7/ktor-server-call-id-jvm-2.3.7.jar:/Users/bnakip/.m2/repository/io/ktor/ktor-server-content-negotiation-jvm/2.3.7/ktor-server-content-negotiation-jvm-2.3.7.jar:/Users/bnakip/.m2/repository/io/ktor/ktor-serialization-kotlinx-json-jvm/2.3.7/ktor-serialization-kotlinx-json-jvm-2.3.7.jar:/Users/bnakip/.m2/repository/io/ktor/ktor-serialization-kotlinx-jvm/2.3.7/ktor-serialization-kotlinx-jvm-2.3.7.jar:/Users/bnakip/.m2/repository/org/jetbrains/kotlinx/kotlinx-serialization-core-jvm/1.5.1/kotlinx-serialization-core-jvm-1.5.1.jar:/Users/bnakip/.m2/repository/org/jetbrains/kotlinx/kotlinx-serialization-json-jvm/1.5.1/kotlinx-serialization-json-jvm-1.5.1.jar:/Users/bnakip/.m2/repository/io/ktor/ktor-serialization-jackson-jvm/2.3.7/ktor-serialization-jackson-jvm-2.3.7.jar:/Users/bnakip/.m2/repository/com/fasterxml/jackson/core/jackson-databind/2.15.3/jackson-databind-2.15.3.jar:/Users/bnakip/.m2/repository/com/fasterxml/jackson/core/jackson-annotations/2.15.3/jackson-annotations-2.15.3.jar:/Users/bnakip/.m2/repository/com/fasterxml/jackson/core/jackson-core/2.15.3/jackson-core-2.15.3.jar:/Users/bnakip/.m2/repository/com/fasterxml/jackson/module/jackson-module-kotlin/2.15.3/jackson-module-kotlin-2.15.3.jar:/Users/bnakip/.m2/repository/io/ktor/ktor-server-netty-jvm/2.3.7/ktor-server-netty-jvm-2.3.7.jar:/Users/bnakip/.m2/repository/io/netty/netty-codec-http2/4.1.101.Final/netty-codec-http2-4.1.101.Final.jar:/Users/bnakip/.m2/repository/io/netty/netty-common/4.1.101.Final/netty-common-4.1.101.Final.jar:/Users/bnakip/.m2/repository/io/netty/netty-buffer/4.1.101.Final/netty-buffer-4.1.101.Final.jar:/Users/bnakip/.m2/repository/io/netty/netty-transport/4.1.101.Final/netty-transport-4.1.101.Final.jar:/Users/bnakip/.m2/repository/io/netty/netty-resolver/4.1.101.Final/netty-resolver-4.1.101.Final.jar:/Users/bnakip/.m2/repository/io/netty/netty-codec/4.1.101.Final/netty-codec-4.1.101.Final.jar:/Users/bnakip/.m2/repository/io/netty/netty-handler/4.1.101.Final/netty-handler-4.1.101.Final.jar:/Users/bnakip/.m2/repository/io/netty/netty-codec-http/4.1.101.Final/netty-codec-http-4.1.101.Final.jar:/Users/bnakip/.m2/repository/org/eclipse/jetty/alpn/alpn-api/1.1.3.v20160715/alpn-api-1.1.3.v20160715.jar:/Users/bnakip/.m2/repository/io/netty/netty-transport-native-kqueue/4.1.101.Final/netty-transport-native-kqueue-4.1.101.Final.jar:/Users/bnakip/.m2/repository/io/netty/netty-transport-native-unix-common/4.1.101.Final/netty-transport-native-unix-common-4.1.101.Final.jar:/Users/bnakip/.m2/repository/io/netty/netty-transport-classes-kqueue/4.1.101.Final/netty-transport-classes-kqueue-4.1.101.Final.jar:/Users/bnakip/.m2/repository/io/netty/netty-transport-native-epoll/4.1.101.Final/netty-transport-native-epoll-4.1.101.Final.jar:/Users/bnakip/.m2/repository/io/netty/netty-transport-classes-epoll/4.1.101.Final/netty-transport-classes-epoll-4.1.101.Final.jar:/Users/bnakip/.m2/repository/ch/qos/logback/logback-classic/1.4.14/logback-classic-1.4.14.jar:/Users/bnakip/.m2/repository/ch/qos/logback/logback-core/1.4.14/logback-core-1.4.14.jar:/Users/bnakip/.m2/repository/org/slf4j/slf4j-api/2.0.9/slf4j-api-2.0.9.jar:/Users/bnakip/.m2/repository/io/ktor/ktor-server-tests-jvm/2.3.7/ktor-server-tests-jvm-2.3.7.jar:/Users/bnakip/.m2/repository/io/ktor/ktor-server-jvm/2.3.7/ktor-server-jvm-2.3.7.jar:/Users/bnakip/.m2/repository/io/ktor/ktor-server-default-headers-jvm/2.3.7/ktor-server-default-headers-jvm-2.3.7.jar:/Users/bnakip/.m2/repository/io/ktor/ktor-server-compression-jvm/2.3.7/ktor-server-compression-jvm-2.3.7.jar:/Users/bnakip/.m2/repository/io/ktor/ktor-server-auto-head-response-jvm/2.3.7/ktor-server-auto-head-response-jvm-2.3.7.jar:/Users/bnakip/.m2/repository/io/ktor/ktor-server-caching-headers-jvm/2.3.7/ktor-server-caching-headers-jvm-2.3.7.jar:/Users/bnakip/.m2/repository/io/ktor/ktor-server-conditional-headers-jvm/2.3.7/ktor-server-conditional-headers-jvm-2.3.7.jar:/Users/bnakip/.m2/repository/io/ktor/ktor-server-cors-jvm/2.3.7/ktor-server-cors-jvm-2.3.7.jar:/Users/bnakip/.m2/repository/io/ktor/ktor-server-data-conversion-jvm/2.3.7/ktor-server-data-conversion-jvm-2.3.7.jar:/Users/bnakip/.m2/repository/io/ktor/ktor-server-double-receive-jvm/2.3.7/ktor-server-double-receive-jvm-2.3.7.jar:/Users/bnakip/.m2/repository/io/ktor/ktor-server-forwarded-header-jvm/2.3.7/ktor-server-forwarded-header-jvm-2.3.7.jar:/Users/bnakip/.m2/repository/io/ktor/ktor-server-hsts-jvm/2.3.7/ktor-server-hsts-jvm-2.3.7.jar:/Users/bnakip/.m2/repository/io/ktor/ktor-server-http-redirect-jvm/2.3.7/ktor-server-http-redirect-jvm-2.3.7.jar:/Users/bnakip/.m2/repository/io/ktor/ktor-server-partial-content-jvm/2.3.7/ktor-server-partial-content-jvm-2.3.7.jar:/Users/bnakip/.m2/repository/io/ktor/ktor-server-method-override-jvm/2.3.7/ktor-server-method-override-jvm-2.3.7.jar:/Users/bnakip/.m2/repository/io/ktor/ktor-server-sessions-jvm/2.3.7/ktor-server-sessions-jvm-2.3.7.jar:/Users/bnakip/.m2/repository/io/ktor/ktor-server-rate-limit-jvm/2.3.7/ktor-server-rate-limit-jvm-2.3.7.jar:/Users/bnakip/.m2/repository/io/ktor/ktor-server-test-host-jvm/2.3.7/ktor-server-test-host-jvm-2.3.7.jar:/Users/bnakip/.m2/repository/io/ktor/ktor-network-tls-jvm/2.3.7/ktor-network-tls-jvm-2.3.7.jar:/Users/bnakip/.m2/repository/io/ktor/ktor-client-apache-jvm/2.3.7/ktor-client-apache-jvm-2.3.7.jar:/Users/bnakip/.m2/repository/org/apache/httpcomponents/httpasyncclient/4.1.5/httpasyncclient-4.1.5.jar:/Users/bnakip/.m2/repository/org/apache/httpcomponents/httpcore/4.4.15/httpcore-4.4.15.jar:/Users/bnakip/.m2/repository/org/apache/httpcomponents/httpcore-nio/4.4.15/httpcore-nio-4.4.15.jar:/Users/bnakip/.m2/repository/org/apache/httpcomponents/httpclient/4.5.13/httpclient-4.5.13.jar:/Users/bnakip/.m2/repository/commons-codec/commons-codec/1.11/commons-codec-1.11.jar:/Users/bnakip/.m2/repository/commons-logging/commons-logging/1.2/commons-logging-1.2.jar:/Users/bnakip/.m2/repository/io/ktor/ktor-network-tls-certificates-jvm/2.3.7/ktor-network-tls-certificates-jvm-2.3.7.jar:/Users/bnakip/.m2/repository/io/ktor/ktor-server-websockets-jvm/2.3.7/ktor-server-websockets-jvm-2.3.7.jar:/Users/bnakip/.m2/repository/io/ktor/ktor-websocket-serialization-jvm/2.3.7/ktor-websocket-serialization-jvm-2.3.7.jar:/Users/bnakip/.m2/repository/io/ktor/ktor-client-core-jvm/2.3.7/ktor-client-core-jvm-2.3.7.jar:/Users/bnakip/.m2/repository/io/ktor/ktor-client-cio-jvm/2.3.7/ktor-client-cio-jvm-2.3.7.jar:/Users/bnakip/.m2/repository/io/ktor/ktor-test-dispatcher-jvm/2.3.7/ktor-test-dispatcher-jvm-2.3.7.jar:/Users/bnakip/.m2/repository/org/jetbrains/kotlin/kotlin-test-junit/1.7.0/kotlin-test-junit-1.7.0.jar:/Users/bnakip/.m2/repository/org/jetbrains/kotlin/kotlin-test/1.7.0/kotlin-test-1.7.0.jar:/Users/bnakip/.m2/repository/junit/junit/4.13.2/junit-4.13.2.jar:/Users/bnakip/.m2/repository/org/hamcrest/hamcrest-core/1.3/hamcrest-core-1.3.jar:/Users/bnakip/.m2/repository/org/jetbrains/kotlinx/kotlinx-coroutines-debug/1.6.4/kotlinx-coroutines-debug-1.6.4.jar:/Users/bnakip/.m2/repository/net/java/dev/jna/jna/5.9.0/jna-5.9.0.jar:/Users/bnakip/.m2/repository/net/java/dev/jna/jna-platform/5.9.0/jna-platform-5.9.0.jar:/Users/bnakip/.m2/repository/net/bytebuddy/byte-buddy/1.10.9/byte-buddy-1.10.9.jar:/Users/bnakip/.m2/repository/net/bytebuddy/byte-buddy-agent/1.10.9/byte-buddy-agent-1.10.9.jar:"/>
    <property name="java.vm.vendor" value="Amazon.com Inc."/>
    <property name="sun.arch.data.model" value="64"/>
    <property name="java.vendor.url" value="https://aws.amazon.com/corretto/"/>
    <property name="os.name" value="Mac OS X"/>
    <property name="java.vm.specification.version" value="17"/>
    <property name="sun.java.launcher" value="SUN_STANDARD"/>
    <property name="user.country" value="TR"/>
    <property name="sun.boot.library.path" value="/Users/bnakip/Library/Java/JavaVirtualMachines/corretto-17.0.3/Contents/Home/lib"/>
    <property name="sun.java.command" value="/Users/bnakip/projects/ktor-sample1/target/surefire/surefirebooter-20240202143946688_3.jar /Users/bnakip/projects/ktor-sample1/target/surefire 2024-02-02T14-39-46_526-jvmRun1 surefire-20240202143946688_1tmp surefire_0-20240202143946688_2tmp"/>
    <property name="http.nonProxyHosts" value="local|*.local|169.254/16|*.169.254/16"/>
    <property name="jdk.debug" value="release"/>
    <property name="surefire.test.class.path" value="/Users/bnakip/projects/ktor-sample1/target/test-classes:/Users/bnakip/projects/ktor-sample1/target/classes:/Users/bnakip/.m2/repository/io/ktor/ktor-server-core-jvm/2.3.7/ktor-server-core-jvm-2.3.7.jar:/Users/bnakip/.m2/repository/org/jetbrains/kotlin/kotlin-stdlib-jdk7/1.8.22/kotlin-stdlib-jdk7-1.8.22.jar:/Users/bnakip/.m2/repository/org/jetbrains/kotlin/kotlin-stdlib/1.8.22/kotlin-stdlib-1.8.22.jar:/Users/bnakip/.m2/repository/org/jetbrains/kotlin/kotlin-stdlib-jdk8/1.8.22/kotlin-stdlib-jdk8-1.8.22.jar:/Users/bnakip/.m2/repository/org/jetbrains/kotlinx/kotlinx-coroutines-jdk8/1.7.1/kotlinx-coroutines-jdk8-1.7.1.jar:/Users/bnakip/.m2/repository/com/typesafe/config/1.4.2/config-1.4.2.jar:/Users/bnakip/.m2/repository/org/jetbrains/kotlinx/kotlinx-coroutines-core-jvm/1.7.1/kotlinx-coroutines-core-jvm-1.7.1.jar:/Users/bnakip/.m2/repository/org/jetbrains/annotations/23.0.0/annotations-23.0.0.jar:/Users/bnakip/.m2/repository/org/jetbrains/kotlin/kotlin-stdlib-common/1.8.22/kotlin-stdlib-common-1.8.22.jar:/Users/bnakip/.m2/repository/io/ktor/ktor-utils-jvm/2.3.7/ktor-utils-jvm-2.3.7.jar:/Users/bnakip/.m2/repository/io/ktor/ktor-io-jvm/2.3.7/ktor-io-jvm-2.3.7.jar:/Users/bnakip/.m2/repository/io/ktor/ktor-http-jvm/2.3.7/ktor-http-jvm-2.3.7.jar:/Users/bnakip/.m2/repository/io/ktor/ktor-serialization-jvm/2.3.7/ktor-serialization-jvm-2.3.7.jar:/Users/bnakip/.m2/repository/io/ktor/ktor-events-jvm/2.3.7/ktor-events-jvm-2.3.7.jar:/Users/bnakip/.m2/repository/org/jetbrains/kotlin/kotlin-reflect/1.8.22/kotlin-reflect-1.8.22.jar:/Users/bnakip/.m2/repository/org/fusesource/jansi/jansi/2.4.0/jansi-2.4.0.jar:/Users/bnakip/.m2/repository/io/ktor/ktor-server-swagger-jvm/2.3.7/ktor-server-swagger-jvm-2.3.7.jar:/Users/bnakip/.m2/repository/io/ktor/ktor-server-html-builder-jvm/2.3.7/ktor-server-html-builder-jvm-2.3.7.jar:/Users/bnakip/.m2/repository/org/jetbrains/kotlinx/kotlinx-html-jvm/0.9.1/kotlinx-html-jvm-0.9.1.jar:/Users/bnakip/.m2/repository/io/ktor/ktor-server-host-common-jvm/2.3.7/ktor-server-host-common-jvm-2.3.7.jar:/Users/bnakip/.m2/repository/io/ktor/ktor-http-cio-jvm/2.3.7/ktor-http-cio-jvm-2.3.7.jar:/Users/bnakip/.m2/repository/io/ktor/ktor-network-jvm/2.3.7/ktor-network-jvm-2.3.7.jar:/Users/bnakip/.m2/repository/io/ktor/ktor-websockets-jvm/2.3.7/ktor-websockets-jvm-2.3.7.jar:/Users/bnakip/.m2/repository/io/ktor/ktor-server-status-pages-jvm/2.3.7/ktor-server-status-pages-jvm-2.3.7.jar:/Users/bnakip/.m2/repository/io/ktor/ktor-server-call-logging-jvm/2.3.7/ktor-server-call-logging-jvm-2.3.7.jar:/Users/bnakip/.m2/repository/org/jetbrains/kotlinx/kotlinx-coroutines-slf4j/1.7.1/kotlinx-coroutines-slf4j-1.7.1.jar:/Users/bnakip/.m2/repository/io/ktor/ktor-server-call-id-jvm/2.3.7/ktor-server-call-id-jvm-2.3.7.jar:/Users/bnakip/.m2/repository/io/ktor/ktor-server-content-negotiation-jvm/2.3.7/ktor-server-content-negotiation-jvm-2.3.7.jar:/Users/bnakip/.m2/repository/io/ktor/ktor-serialization-kotlinx-json-jvm/2.3.7/ktor-serialization-kotlinx-json-jvm-2.3.7.jar:/Users/bnakip/.m2/repository/io/ktor/ktor-serialization-kotlinx-jvm/2.3.7/ktor-serialization-kotlinx-jvm-2.3.7.jar:/Users/bnakip/.m2/repository/org/jetbrains/kotlinx/kotlinx-serialization-core-jvm/1.5.1/kotlinx-serialization-core-jvm-1.5.1.jar:/Users/bnakip/.m2/repository/org/jetbrains/kotlinx/kotlinx-serialization-json-jvm/1.5.1/kotlinx-serialization-json-jvm-1.5.1.jar:/Users/bnakip/.m2/repository/io/ktor/ktor-serialization-jackson-jvm/2.3.7/ktor-serialization-jackson-jvm-2.3.7.jar:/Users/bnakip/.m2/repository/com/fasterxml/jackson/core/jackson-databind/2.15.3/jackson-databind-2.15.3.jar:/Users/bnakip/.m2/repository/com/fasterxml/jackson/core/jackson-annotations/2.15.3/jackson-annotations-2.15.3.jar:/Users/bnakip/.m2/repository/com/fasterxml/jackson/core/jackson-core/2.15.3/jackson-core-2.15.3.jar:/Users/bnakip/.m2/repository/com/fasterxml/jackson/module/jackson-module-kotlin/2.15.3/jackson-module-kotlin-2.15.3.jar:/Users/bnakip/.m2/repository/io/ktor/ktor-server-netty-jvm/2.3.7/ktor-server-netty-jvm-2.3.7.jar:/Users/bnakip/.m2/repository/io/netty/netty-codec-http2/4.1.101.Final/netty-codec-http2-4.1.101.Final.jar:/Users/bnakip/.m2/repository/io/netty/netty-common/4.1.101.Final/netty-common-4.1.101.Final.jar:/Users/bnakip/.m2/repository/io/netty/netty-buffer/4.1.101.Final/netty-buffer-4.1.101.Final.jar:/Users/bnakip/.m2/repository/io/netty/netty-transport/4.1.101.Final/netty-transport-4.1.101.Final.jar:/Users/bnakip/.m2/repository/io/netty/netty-resolver/4.1.101.Final/netty-resolver-4.1.101.Final.jar:/Users/bnakip/.m2/repository/io/netty/netty-codec/4.1.101.Final/netty-codec-4.1.101.Final.jar:/Users/bnakip/.m2/repository/io/netty/netty-handler/4.1.101.Final/netty-handler-4.1.101.Final.jar:/Users/bnakip/.m2/repository/io/netty/netty-codec-http/4.1.101.Final/netty-codec-http-4.1.101.Final.jar:/Users/bnakip/.m2/repository/org/eclipse/jetty/alpn/alpn-api/1.1.3.v20160715/alpn-api-1.1.3.v20160715.jar:/Users/bnakip/.m2/repository/io/netty/netty-transport-native-kqueue/4.1.101.Final/netty-transport-native-kqueue-4.1.101.Final.jar:/Users/bnakip/.m2/repository/io/netty/netty-transport-native-unix-common/4.1.101.Final/netty-transport-native-unix-common-4.1.101.Final.jar:/Users/bnakip/.m2/repository/io/netty/netty-transport-classes-kqueue/4.1.101.Final/netty-transport-classes-kqueue-4.1.101.Final.jar:/Users/bnakip/.m2/repository/io/netty/netty-transport-native-epoll/4.1.101.Final/netty-transport-native-epoll-4.1.101.Final.jar:/Users/bnakip/.m2/repository/io/netty/netty-transport-classes-epoll/4.1.101.Final/netty-transport-classes-epoll-4.1.101.Final.jar:/Users/bnakip/.m2/repository/ch/qos/logback/logback-classic/1.4.14/logback-classic-1.4.14.jar:/Users/bnakip/.m2/repository/ch/qos/logback/logback-core/1.4.14/logback-core-1.4.14.jar:/Users/bnakip/.m2/repository/org/slf4j/slf4j-api/2.0.9/slf4j-api-2.0.9.jar:/Users/bnakip/.m2/repository/io/ktor/ktor-server-tests-jvm/2.3.7/ktor-server-tests-jvm-2.3.7.jar:/Users/bnakip/.m2/repository/io/ktor/ktor-server-jvm/2.3.7/ktor-server-jvm-2.3.7.jar:/Users/bnakip/.m2/repository/io/ktor/ktor-server-default-headers-jvm/2.3.7/ktor-server-default-headers-jvm-2.3.7.jar:/Users/bnakip/.m2/repository/io/ktor/ktor-server-compression-jvm/2.3.7/ktor-server-compression-jvm-2.3.7.jar:/Users/bnakip/.m2/repository/io/ktor/ktor-server-auto-head-response-jvm/2.3.7/ktor-server-auto-head-response-jvm-2.3.7.jar:/Users/bnakip/.m2/repository/io/ktor/ktor-server-caching-headers-jvm/2.3.7/ktor-server-caching-headers-jvm-2.3.7.jar:/Users/bnakip/.m2/repository/io/ktor/ktor-server-conditional-headers-jvm/2.3.7/ktor-server-conditional-headers-jvm-2.3.7.jar:/Users/bnakip/.m2/repository/io/ktor/ktor-server-cors-jvm/2.3.7/ktor-server-cors-jvm-2.3.7.jar:/Users/bnakip/.m2/repository/io/ktor/ktor-server-data-conversion-jvm/2.3.7/ktor-server-data-conversion-jvm-2.3.7.jar:/Users/bnakip/.m2/repository/io/ktor/ktor-server-double-receive-jvm/2.3.7/ktor-server-double-receive-jvm-2.3.7.jar:/Users/bnakip/.m2/repository/io/ktor/ktor-server-forwarded-header-jvm/2.3.7/ktor-server-forwarded-header-jvm-2.3.7.jar:/Users/bnakip/.m2/repository/io/ktor/ktor-server-hsts-jvm/2.3.7/ktor-server-hsts-jvm-2.3.7.jar:/Users/bnakip/.m2/repository/io/ktor/ktor-server-http-redirect-jvm/2.3.7/ktor-server-http-redirect-jvm-2.3.7.jar:/Users/bnakip/.m2/repository/io/ktor/ktor-server-partial-content-jvm/2.3.7/ktor-server-partial-content-jvm-2.3.7.jar:/Users/bnakip/.m2/repository/io/ktor/ktor-server-method-override-jvm/2.3.7/ktor-server-method-override-jvm-2.3.7.jar:/Users/bnakip/.m2/repository/io/ktor/ktor-server-sessions-jvm/2.3.7/ktor-server-sessions-jvm-2.3.7.jar:/Users/bnakip/.m2/repository/io/ktor/ktor-server-rate-limit-jvm/2.3.7/ktor-server-rate-limit-jvm-2.3.7.jar:/Users/bnakip/.m2/repository/io/ktor/ktor-server-test-host-jvm/2.3.7/ktor-server-test-host-jvm-2.3.7.jar:/Users/bnakip/.m2/repository/io/ktor/ktor-network-tls-jvm/2.3.7/ktor-network-tls-jvm-2.3.7.jar:/Users/bnakip/.m2/repository/io/ktor/ktor-client-apache-jvm/2.3.7/ktor-client-apache-jvm-2.3.7.jar:/Users/bnakip/.m2/repository/org/apache/httpcomponents/httpasyncclient/4.1.5/httpasyncclient-4.1.5.jar:/Users/bnakip/.m2/repository/org/apache/httpcomponents/httpcore/4.4.15/httpcore-4.4.15.jar:/Users/bnakip/.m2/repository/org/apache/httpcomponents/httpcore-nio/4.4.15/httpcore-nio-4.4.15.jar:/Users/bnakip/.m2/repository/org/apache/httpcomponents/httpclient/4.5.13/httpclient-4.5.13.jar:/Users/bnakip/.m2/repository/commons-codec/commons-codec/1.11/commons-codec-1.11.jar:/Users/bnakip/.m2/repository/commons-logging/commons-logging/1.2/commons-logging-1.2.jar:/Users/bnakip/.m2/repository/io/ktor/ktor-network-tls-certificates-jvm/2.3.7/ktor-network-tls-certificates-jvm-2.3.7.jar:/Users/bnakip/.m2/repository/io/ktor/ktor-server-websockets-jvm/2.3.7/ktor-server-websockets-jvm-2.3.7.jar:/Users/bnakip/.m2/repository/io/ktor/ktor-websocket-serialization-jvm/2.3.7/ktor-websocket-serialization-jvm-2.3.7.jar:/Users/bnakip/.m2/repository/io/ktor/ktor-client-core-jvm/2.3.7/ktor-client-core-jvm-2.3.7.jar:/Users/bnakip/.m2/repository/io/ktor/ktor-client-cio-jvm/2.3.7/ktor-client-cio-jvm-2.3.7.jar:/Users/bnakip/.m2/repository/io/ktor/ktor-test-dispatcher-jvm/2.3.7/ktor-test-dispatcher-jvm-2.3.7.jar:/Users/bnakip/.m2/repository/org/jetbrains/kotlin/kotlin-test-junit/1.7.0/kotlin-test-junit-1.7.0.jar:/Users/bnakip/.m2/repository/org/jetbrains/kotlin/kotlin-test/1.7.0/kotlin-test-1.7.0.jar:/Users/bnakip/.m2/repository/junit/junit/4.13.2/junit-4.13.2.jar:/Users/bnakip/.m2/repository/org/hamcrest/hamcrest-core/1.3/hamcrest-core-1.3.jar:/Users/bnakip/.m2/repository/org/jetbrains/kotlinx/kotlinx-coroutines-debug/1.6.4/kotlinx-coroutines-debug-1.6.4.jar:/Users/bnakip/.m2/repository/net/java/dev/jna/jna/5.9.0/jna-5.9.0.jar:/Users/bnakip/.m2/repository/net/java/dev/jna/jna-platform/5.9.0/jna-platform-5.9.0.jar:/Users/bnakip/.m2/repository/net/bytebuddy/byte-buddy/1.10.9/byte-buddy-1.10.9.jar:/Users/bnakip/.m2/repository/net/bytebuddy/byte-buddy-agent/1.10.9/byte-buddy-agent-1.10.9.jar:"/>
    <property name="sun.cpu.endian" value="little"/>
    <property name="user.home" value="/Users/bnakip"/>
    <property name="user.language" value="en"/>
    <property name="java.specification.vendor" value="Oracle Corporation"/>
    <property name="java.version.date" value="2022-04-19"/>
    <property name="java.home" value="/Users/bnakip/Library/Java/JavaVirtualMachines/corretto-17.0.3/Contents/Home"/>
    <property name="file.separator" value="/"/>
    <property name="basedir" value="/Users/bnakip/projects/ktor-sample1"/>
    <property name="java.vm.compressedOopsMode" value="Zero based"/>
    <property name="line.separator" value="&#10;"/>
    <property name="java.specification.name" value="Java Platform API Specification"/>
    <property name="java.vm.specification.vendor" value="Oracle Corporation"/>
    <property name="surefire.real.class.path" value="/Users/bnakip/projects/ktor-sample1/target/surefire/surefirebooter-20240202143946688_3.jar"/>
    <property name="sun.management.compiler" value="HotSpot 64-Bit Tiered Compilers"/>
    <property name="ftp.nonProxyHosts" value="local|*.local|169.254/16|*.169.254/16"/>
    <property name="java.runtime.version" value="17.0.3+6-LTS"/>
    <property name="user.name" value="bnakip"/>
    <property name="path.separator" value=":"/>
    <property name="os.version" value="13.5.2"/>
    <property name="java.runtime.name" value="OpenJDK Runtime Environment"/>
    <property name="file.encoding" value="UTF-8"/>
    <property name="java.vm.name" value="OpenJDK 64-Bit Server VM"/>
    <property name="java.vendor.version" value="Corretto-17.0.3.6.1"/>
    <property name="localRepository" value="/Users/bnakip/.m2/repository"/>
    <property name="java.vendor.url.bug" value="https://github.com/corretto/corretto-17/issues/"/>
    <property name="java.io.tmpdir" value="/var/folders/vy/4wgyd2ps31x65g0w8md1ryfm0000gn/T/"/>
    <property name="java.version" value="17.0.3"/>
    <property name="user.dir" value="/Users/bnakip/projects/ktor-sample1"/>
    <property name="os.arch" value="aarch64"/>
    <property name="java.vm.specification.name" value="Java Virtual Machine Specification"/>
    <property name="native.encoding" value="UTF-8"/>
    <property name="java.library.path" value="/Users/bnakip/Library/Java/Extensions:/Library/Java/Extensions:/Network/Library/Java/Extensions:/System/Library/Java/Extensions:/usr/lib/java:."/>
    <property name="java.vm.info" value="mixed mode, sharing"/>
    <property name="java.vendor" value="Amazon.com Inc."/>
    <property name="java.vm.version" value="17.0.3+6-LTS"/>
    <property name="sun.io.unicode.encoding" value="UnicodeBig"/>
    <property name="socksNonProxyHosts" value="local|*.local|169.254/16|*.169.254/16"/>
    <property name="java.class.version" value="61.0"/>
  </properties>
  <testcase name="testRoot" classname="com.example.ApplicationTest" time="0.327">
    <system-out><![CDATA[2024-02-02 14:39:46.996 [main @coroutine#1]  TRACE i.ktor.client.plugins.HttpPlainText - Adding Accept-Charset=UTF-8 to http:///
2024-02-02 14:39:47.024 [DefaultDispatcher-worker-1 @call-context#2]  INFO  ktor.test - No ktor.deployment.watch patterns specified, automatic reload is not active.
2024-02-02 14:39:47.041 [DefaultDispatcher-worker-1 @call-context#2]  INFO  ktor.test - Application started in 0.021 seconds.
2024-02-02 14:39:47.042 [DefaultDispatcher-worker-2 @coroutine#4]  INFO  ktor.test - Responding at http://localhost:80
2024-02-02 14:39:47.042 [DefaultDispatcher-worker-2 @coroutine#4]  INFO  ktor.test - Responding at https://localhost:443
2024-02-02 14:39:47.053 [DefaultDispatcher-worker-1 @request#2]  TRACE io.ktor.routing.Routing - Trace for []
/, segment:0 -> SUCCESS @ /
  /, segment:0 -> SUCCESS @ /
    /(method:GET), segment:0 -> SUCCESS @ /(method:GET)
Matched routes:
  "" -> "<slash>" -> "(method:GET)"
Route resolve result:
  SUCCESS @ /(method:GET)
2024-02-02 14:39:47.056 [DefaultDispatcher-worker-1 @request#2]  TRACE i.k.s.p.statuspages.StatusPages - No status code found for call: /
2024-02-02 14:39:47.066 [main @coroutine#1]  TRACE i.k.client.plugins.HttpCallValidator - Validating response for request http://localhost/
2024-02-02 14:39:47.066 [main @coroutine#1]  TRACE i.k.c.p.DefaultResponseValidation - Skipping default response validation for http://localhost/
2024-02-02 14:39:47.181 [main @coroutine#1]  TRACE i.k.c.plugins.defaultTransformers - Transformed with default transformers response body for http://localhost/ to class io.ktor.utils.io.core.ByteReadPacket
]]></system-out>
  </testcase>
</testsuite>